This is pdfTeX, Version 3.14159265-2.6-1.40.20 (MiKTeX 2.9.7140 64-bit) (preloaded format=pdflatex 2019.9.17)  20 SEP 2019 13:56
entering extended mode
**"./DISEÑO CAD.tex"
("DISEÑO CAD.tex"
LaTeX2e <2018-12-01>
("C:\Users\diego\AppData\Local\Programs\MiKTeX 2.9\tex/latex/base\report.cls"
Document Class: report 2018/09/03 v1.4i Standard LaTeX document class
("C:\Users\diego\AppData\Local\Programs\MiKTeX 2.9\tex/latex/base\size12.clo"
File: size12.clo 2018/09/03 v1.4i Standard LaTeX file (size option)
)
\c@part=\count80
\c@chapter=\count81
\c@section=\count82
\c@subsection=\count83
\c@subsubsection=\count84
\c@paragraph=\count85
\c@subparagraph=\count86
\c@figure=\count87
\c@table=\count88
\abovecaptionskip=\skip41
\belowcaptionskip=\skip42
\bibindent=\dimen102
) ("C:\Users\diego\AppData\Local\Programs\MiKTeX 2.9\tex/latex/base\inputenc.st
y"
Package: inputenc 2018/08/11 v1.3c Input encoding file
\inpenc@prehook=\toks14
\inpenc@posthook=\toks15
)
("C:\Users\diego\AppData\Local\Programs\MiKTeX 2.9\tex/generic/babel\babel.sty"
Package: babel 2019/07/19 3.33 The Babel package
("C:\Users\diego\AppData\Local\Programs\MiKTeX 2.9\tex/generic/babel\switch.def
"
File: switch.def 2019/07/19 3.33 Babel switching mechanism
)
*************************************
* Local config file bblopts.cfg used
*
("C:\Users\diego\AppData\Local\Programs\MiKTeX 2.9\tex/latex/arabi\bblopts.cfg"
File: bblopts.cfg 2005/09/08 v0.1 add Arabic and Farsi to "declared" options of
 babel
)
("C:\Users\diego\AppData\Local\Programs\MiKTeX 2.9\tex/latex/babel-spanish\span
ish.ldf"
Language: spanish.ldf 2016/03/03 v5.0p Spanish support from the babel system

("C:\Users\diego\AppData\Local\Programs\MiKTeX 2.9\tex/generic/babel\babel.def"
File: babel.def 2019/07/19 3.33 Babel common definitions
\babel@savecnt=\count89
\U@D=\dimen103

("C:\Users\diego\AppData\Local\Programs\MiKTeX 2.9\tex/generic/babel\txtbabel.d
ef")
\bbl@dirlevel=\count90
)
\es@quottoks=\toks16
\es@quotdepth=\count91
Package babel Info: Making " an active character on input line 561.
Package babel Info: Making . an active character on input line 662.
Package babel Info: Making < an active character on input line 707.
Package babel Info: Making > an active character on input line 707.
))
("C:\Users\diego\AppData\Local\Programs\MiKTeX 2.9\tex/latex/amsmath\amsmath.st
y"
Package: amsmath 2018/12/01 v2.17b AMS math features
\@mathmargin=\skip43

For additional information on amsmath, use the `?' option.

("C:\Users\diego\AppData\Local\Programs\MiKTeX 2.9\tex/latex/amsmath\amstext.st
y"
Package: amstext 2000/06/29 v2.01 AMS text

("C:\Users\diego\AppData\Local\Programs\MiKTeX 2.9\tex/latex/amsmath\amsgen.sty
"
File: amsgen.sty 1999/11/30 v2.0 generic functions
\@emptytoks=\toks17
\ex@=\dimen104
))
("C:\Users\diego\AppData\Local\Programs\MiKTeX 2.9\tex/latex/amsmath\amsbsy.sty
"
Package: amsbsy 1999/11/29 v1.2d Bold Symbols
\pmbraise@=\dimen105
)
("C:\Users\diego\AppData\Local\Programs\MiKTeX 2.9\tex/latex/amsmath\amsopn.sty
"
Package: amsopn 2016/03/08 v2.02 operator names
)
\inf@bad=\count92
LaTeX Info: Redefining \frac on input line 223.
\uproot@=\count93
\leftroot@=\count94
LaTeX Info: Redefining \overline on input line 385.
\classnum@=\count95
\DOTSCASE@=\count96
LaTeX Info: Redefining \ldots on input line 482.
LaTeX Info: Redefining \dots on input line 485.
LaTeX Info: Redefining \cdots on input line 606.
\Mathstrutbox@=\box27
\strutbox@=\box28
\big@size=\dimen106
LaTeX Font Info:    Redeclaring font encoding OML on input line 729.
LaTeX Font Info:    Redeclaring font encoding OMS on input line 730.
\macc@depth=\count97
\c@MaxMatrixCols=\count98
\dotsspace@=\muskip10
\c@parentequation=\count99
\dspbrk@lvl=\count100
\tag@help=\toks18
\row@=\count101
\column@=\count102
\maxfields@=\count103
\andhelp@=\toks19
\eqnshift@=\dimen107
\alignsep@=\dimen108
\tagshift@=\dimen109
\tagwidth@=\dimen110
\totwidth@=\dimen111
\lineht@=\dimen112
\@envbody=\toks20
\multlinegap=\skip44
\multlinetaggap=\skip45
\mathdisplay@stack=\toks21
LaTeX Info: Redefining \[ on input line 2844.
LaTeX Info: Redefining \] on input line 2845.
)
("C:\Users\diego\AppData\Local\Programs\MiKTeX 2.9\tex/latex/amsfonts\amsfonts.
sty"
Package: amsfonts 2013/01/14 v3.01 Basic AMSFonts support
\symAMSa=\mathgroup4
\symAMSb=\mathgroup5
LaTeX Font Info:    Overwriting math alphabet `\mathfrak' in version `bold'
(Font)                  U/euf/m/n --> U/euf/b/n on input line 106.
)
("C:\Users\diego\AppData\Local\Programs\MiKTeX 2.9\tex/latex/amsfonts\amssymb.s
ty"
Package: amssymb 2013/01/14 v3.01 AMS font symbols
)
("C:\Users\diego\AppData\Local\Programs\MiKTeX 2.9\tex/latex/base\makeidx.sty"
Package: makeidx 2014/09/29 v1.0m Standard LaTeX package
)
("C:\Users\diego\AppData\Local\Programs\MiKTeX 2.9\tex/latex/graphics\graphicx.
sty"
Package: graphicx 2017/06/01 v1.1a Enhanced LaTeX Graphics (DPC,SPQR)

("C:\Users\diego\AppData\Local\Programs\MiKTeX 2.9\tex/latex/graphics\keyval.st
y"
Package: keyval 2014/10/28 v1.15 key=value parser (DPC)
\KV@toks@=\toks22
)
("C:\Users\diego\AppData\Local\Programs\MiKTeX 2.9\tex/latex/graphics\graphics.
sty"
Package: graphics 2017/06/25 v1.2c Standard LaTeX Graphics (DPC,SPQR)

("C:\Users\diego\AppData\Local\Programs\MiKTeX 2.9\tex/latex/graphics\trig.sty"
Package: trig 2016/01/03 v1.10 sin cos tan (DPC)
)
("C:\Users\diego\AppData\Local\Programs\MiKTeX 2.9\tex/latex/graphics-cfg\graph
ics.cfg"
File: graphics.cfg 2016/06/04 v1.11 sample graphics configuration
)
Package graphics Info: Driver file: pdftex.def on input line 99.

("C:\Users\diego\AppData\Local\Programs\MiKTeX 2.9\tex/latex/graphics-def\pdfte
x.def"
File: pdftex.def 2018/01/08 v1.0l Graphics/color driver for pdftex
))
\Gin@req@height=\dimen113
\Gin@req@width=\dimen114
)
("C:\Users\diego\AppData\Local\Programs\MiKTeX 2.9\tex/latex/geometry\geometry.
sty"
Package: geometry 2018/04/16 v5.8 Page Geometry

("C:\Users\diego\AppData\Local\Programs\MiKTeX 2.9\tex/generic/oberdiek\ifpdf.s
ty"
Package: ifpdf 2018/09/07 v3.3 Provides the ifpdf switch
)
("C:\Users\diego\AppData\Local\Programs\MiKTeX 2.9\tex/generic/oberdiek\ifvtex.
sty"
Package: ifvtex 2016/05/16 v1.6 Detect VTeX and its facilities (HO)
Package ifvtex Info: VTeX not detected.
)
("C:\Users\diego\AppData\Local\Programs\MiKTeX 2.9\tex/generic/ifxetex\ifxetex.
sty"
Package: ifxetex 2010/09/12 v0.6 Provides ifxetex conditional
)
\Gm@cnth=\count104
\Gm@cntv=\count105
\c@Gm@tempcnt=\count106
\Gm@bindingoffset=\dimen115
\Gm@wd@mp=\dimen116
\Gm@odd@mp=\dimen117
\Gm@even@mp=\dimen118
\Gm@layoutwidth=\dimen119
\Gm@layoutheight=\dimen120
\Gm@layouthoffset=\dimen121
\Gm@layoutvoffset=\dimen122
\Gm@dimlist=\toks23

("C:\Users\diego\AppData\Local\Programs\MiKTeX 2.9\tex/latex/geometry\geometry.
cfg"))
No file "DISEÑO CAD".aux.
\openout1 = `"DISEÑO CAD.aux"'.

LaTeX Font Info:    Checking defaults for OML/cmm/m/it on input line 13.
LaTeX Font Info:    ... okay on input line 13.
LaTeX Font Info:    Checking defaults for T1/cmr/m/n on input line 13.
LaTeX Font Info:    ... okay on input line 13.
LaTeX Font Info:    Checking defaults for OT1/cmr/m/n on input line 13.
LaTeX Font Info:    ... okay on input line 13.
LaTeX Font Info:    Checking defaults for OMS/cmsy/m/n on input line 13.
LaTeX Font Info:    ... okay on input line 13.
LaTeX Font Info:    Checking defaults for OMX/cmex/m/n on input line 13.
LaTeX Font Info:    ... okay on input line 13.
LaTeX Font Info:    Checking defaults for U/cmr/m/n on input line 13.
LaTeX Font Info:    ... okay on input line 13.
LaTeX Info: Redefining \. on input line 13.
LaTeX Info: Redefining \% on input line 13.

("C:\Users\diego\AppData\Local\Programs\MiKTeX 2.9\tex/context/base/mkii\supp-p
df.mkii"
[Loading MPS to PDF converter (version 2006.09.02).]
\scratchcounter=\count107
\scratchdimen=\dimen123
\scratchbox=\box29
\nofMPsegments=\count108
\nofMParguments=\count109
\everyMPshowfont=\toks24
\MPscratchCnt=\count110
\MPscratchDim=\dimen124
\MPnumerator=\count111
\makeMPintoPDFobject=\count112
\everyMPtoPDFconversion=\toks25
)
("C:\Users\diego\AppData\Local\Programs\MiKTeX 2.9\tex/latex/oberdiek\epstopdf-
base.sty"
Package: epstopdf-base 2016/05/15 v2.6 Base part for package epstopdf

("C:\Users\diego\AppData\Local\Programs\MiKTeX 2.9\tex/generic/oberdiek\infware
rr.sty"
Package: infwarerr 2016/05/16 v1.4 Providing info/warning/error messages (HO)
)
("C:\Users\diego\AppData\Local\Programs\MiKTeX 2.9\tex/latex/oberdiek\grfext.st
y"
Package: grfext 2016/05/16 v1.2 Manage graphics extensions (HO)

("C:\Users\diego\AppData\Local\Programs\MiKTeX 2.9\tex/generic/oberdiek\kvdefin
ekeys.sty"
Package: kvdefinekeys 2016/05/16 v1.4 Define keys (HO)

("C:\Users\diego\AppData\Local\Programs\MiKTeX 2.9\tex/generic/oberdiek\ltxcmds
.sty"
Package: ltxcmds 2016/05/16 v1.23 LaTeX kernel commands for general use (HO)
)))
("C:\Users\diego\AppData\Local\Programs\MiKTeX 2.9\tex/latex/oberdiek\kvoptions
.sty"
Package: kvoptions 2016/05/16 v3.12 Key value format for package options (HO)

("C:\Users\diego\AppData\Local\Programs\MiKTeX 2.9\tex/generic/oberdiek\kvsetke
ys.sty"
Package: kvsetkeys 2016/05/16 v1.17 Key value parser (HO)

("C:\Users\diego\AppData\Local\Programs\MiKTeX 2.9\tex/generic/oberdiek\etexcmd
s.sty"
Package: etexcmds 2016/05/16 v1.6 Avoid name clashes with e-TeX commands (HO)

("C:\Users\diego\AppData\Local\Programs\MiKTeX 2.9\tex/generic/oberdiek\ifluate
x.sty"
Package: ifluatex 2016/05/16 v1.4 Provides the ifluatex switch (HO)
Package ifluatex Info: LuaTeX not detected.
))))
("C:\Users\diego\AppData\Local\Programs\MiKTeX 2.9\tex/generic/oberdiek\pdftexc
mds.sty"
Package: pdftexcmds 2019/07/25 v0.30 Utility functions of pdfTeX for LuaTeX (HO
)
Package pdftexcmds Info: LuaTeX not detected.
Package pdftexcmds Info: \pdf@primitive is available.
Package pdftexcmds Info: \pdf@ifprimitive is available.
Package pdftexcmds Info: \pdfdraftmode found.
)
Package epstopdf-base Info: Redefining graphics rule for `.eps' on input line 4
38.
Package grfext Info: Graphics extension search list:
(grfext)             [.pdf,.png,.jpg,.mps,.jpeg,.jbig2,.jb2,.PDF,.PNG,.JPG,.JPE
G,.JBIG2,.JB2,.eps]
(grfext)             \AppendGraphicsExtensions on input line 456.
)
*geometry* driver: auto-detecting
*geometry* detected driver: pdftex
*geometry* verbose mode - [ preamble ] result:
* driver: pdftex
* paper: a4paper
* layout: <same size as paper>
* layoutoffset:(h,v)=(0.0pt,0.0pt)
* modes: 
* h-part:(L,W,R)=(56.9055pt, 483.69687pt, 56.9055pt)
* v-part:(T,H,B)=(56.9055pt, 731.23584pt, 56.9055pt)
* \paperwidth=597.50787pt
* \paperheight=845.04684pt
* \textwidth=483.69687pt
* \textheight=731.23584pt
* \oddsidemargin=-15.36449pt
* \evensidemargin=-15.36449pt
* \topmargin=-52.36449pt
* \headheight=12.0pt
* \headsep=25.0pt
* \topskip=12.0pt
* \footskip=30.0pt
* \marginparwidth=35.0pt
* \marginparsep=10.0pt
* \columnsep=10.0pt
* \skip\footins=10.8pt plus 4.0pt minus 2.0pt
* \hoffset=0.0pt
* \voffset=0.0pt
* \mag=1000
* \@twocolumnfalse
* \@twosidefalse
* \@mparswitchfalse
* \@reversemarginfalse
* (1in=72.27pt=25.4mm, 1cm=28.453pt)

LaTeX Font Info:    Try loading font information for U+msa on input line 15.
("C:\Users\diego\AppData\Local\Programs\MiKTeX 2.9\tex/latex/amsfonts\umsa.fd"
File: umsa.fd 2013/01/14 v3.01 AMS symbols A
)
LaTeX Font Info:    Try loading font information for U+msb on input line 15.
("C:\Users\diego\AppData\Local\Programs\MiKTeX 2.9\tex/latex/amsfonts\umsb.fd"
File: umsb.fd 2013/01/14 v3.01 AMS symbols B
) [1

{C:/Users/diego/AppData/Local/MiKTeX/2.9/pdftex/config/pdftex.map}]

LaTeX Warning: File `Frontal 2.jpg' not found on input line 22.


! Package pdftex.def Error: File `Frontal 2.jpg' not found: using draft setting
.

See the pdftex.def package documentation for explanation.
Type  H <return>  for immediate help.
 ...                                              
                                                  
l.22 \includegraphics[scale=0.5]{Frontal 2.jpg}
                                               
Try typing  <return>  to proceed.
If that doesn't work, type  X <return>  to quit.


LaTeX Warning: File `Lateral 2.jpg' not found on input line 24.


! Package pdftex.def Error: File `Lateral 2.jpg' not found: using draft setting
.

See the pdftex.def package documentation for explanation.
Type  H <return>  for immediate help.
 ...                                              
                                                  
l.24 \includegraphics[scale=0.5]{Lateral 2.jpg}
                                               
Try typing  <return>  to proceed.
If that doesn't work, type  X <return>  to quit.


LaTeX Warning: File `Superior 2.jpg' not found on input line 26.


! Package pdftex.def Error: File `Superior 2.jpg' not found: using draft settin
g.

See the pdftex.def package documentation for explanation.
Type  H <return>  for immediate help.
 ...                                              
                                                  
l.26 \includegraphics[scale=1]{Superior 2.jpg}
                                              
Try typing  <return>  to proceed.
If that doesn't work, type  X <return>  to quit.

[1] ("DISEÑO CAD.aux"
LaTeX Info: Redefining \. on input line 6.
LaTeX Info: Redefining \% on input line 6.
) ) 
Here is how much of TeX's memory you used:
 3795 strings out of 492895
 53104 string characters out of 3123735
 133043 words of memory out of 3000000
 7654 multiletter control sequences out of 15000+200000
 7918 words of font info for 31 fonts, out of 3000000 for 9000
 1141 hyphenation exceptions out of 8191
 41i,6n,31p,282b,361s stack positions out of 5000i,500n,10000p,200000b,50000s
<C:/Users/diego/AppData/Local/Programs/MiKTeX 2.9/fonts/type1/public/amsfont
s/cm/cmbx12.pfb><C:/Users/diego/AppData/Local/Programs/MiKTeX 2.9/fonts/type1/p
ublic/amsfonts/cm/cmr12.pfb><C:/Users/diego/AppData/Local/Programs/MiKTeX 2.9/f
onts/type1/public/amsfonts/cm/cmr17.pfb><C:/Users/diego/AppData/Local/Programs/
MiKTeX 2.9/fonts/type1/public/amsfonts/cm/cmtt12.pfb>
Output written on "DISEÑO CAD.pdf" (2 pages, 44356 bytes).
PDF statistics:
 25 PDF objects out of 1000 (max. 8388607)
 0 named destinations out of 1000 (max. 500000)
 1 words of extra memory for PDF output out of 10000 (max. 10000000)

